2023-10-15 14:40:48,370 INFO  [main] Initializing WebDriver
2023-10-15 14:41:14,249 INFO  [main] Initializing WebDriver
2023-10-15 14:41:17,623 INFO  [main] Initializing WebDriver
2023-10-15 14:41:17,624 INFO  [main] Initializing WebDriver
2023-10-15 14:41:17,624 INFO  [main] Initializing WebDriver
2023-10-15 14:41:17,624 INFO  [main] Initializing WebDriver
2023-10-15 14:41:17,625 INFO  [main] Initializing WebDriver
2023-10-15 14:41:17,625 INFO  [main] Initializing WebDriver
2023-10-15 14:41:17,625 INFO  [main] Initializing WebDriver
2023-10-15 14:41:21,050 INFO  [main] Initializing WebDriver
2023-10-15 14:41:21,050 INFO  [main] Initializing WebDriver
2023-10-15 14:41:21,050 INFO  [main] Initializing WebDriver
2023-10-15 14:41:21,050 INFO  [main] Initializing WebDriver
2023-10-15 14:41:21,051 INFO  [main] Initializing WebDriver
2023-10-15 14:41:21,148 INFO  [main] Clicking on element homePage.signInButton
2023-10-15 14:41:23,043 INFO  [main] Clicking on element loginPage.loginButton
2023-10-15 14:41:26,941 INFO  [main] Clicking on element homePage.personalProfileButton
2023-10-15 14:41:30,514 INFO  [main] Clicking on element personalProfilePage.editProfileButton
2023-10-15 14:41:54,300 INFO  [main] Clicking on element editPersonalProfilePage.birthDateField
2023-10-15 14:47:26,280 INFO  [main] Clicking on element editPersonalProfilePage.updateMyProfileButton
2023-10-15 14:48:02,737 INFO  [main] Clicking on element homePage.personalProfileButton
2023-10-15 14:48:08,068 INFO  [main] Hovering on element personalProfilePage.nameInfo
2023-10-15 14:49:07,760 INFO  [main] Hovering on element personalProfilePage.birthdayInfo
2023-10-15 14:49:07,909 INFO  [main] Clicking on element homePage.logOutButton
